<?xml version="1.0" encoding="UTF-8"?>
<!-- Generated by org.testng.reporters.JUnitReportReporter -->
<testsuite hostname="DESKTOP-7STGH0Q" failures="0" tests="1" name="Test.TestCase" time="14.855" errors="0" timestamp="2022-11-01T20:33:41 IST" skipped="0">
  <testcase classname="Test.TestCase" name="validateYourStorePage" time="14.855"/>
  <system-out/>
</testsuite> <!-- Test.TestCase -->
