<?xml version="1.0" encoding="UTF-8"?>
<!-- Generated by org.testng.reporters.JUnitReportReporter -->
<testsuite hostname="DESKTOP-7STGH0Q" failures="0" tests="1" name="TestCase" time="74.074" errors="0" timestamp="2022-10-15T17:14:34 IST" skipped="0">
  <testcase classname="TestCase" name="validateYourStorePage" time="74.074"/>
  <system-out/>
</testsuite> <!-- TestCase -->
