<?xml version="1.0" encoding="UTF-8"?>
<!-- Generated by org.testng.reporters.JUnitReportReporter -->
<testsuite hostname="DESKTOP-7STGH0Q" failures="0" tests="1" name="ValidationOfProduct" time="20.991" errors="0" timestamp="2022-10-15T11:08:03 IST" skipped="0">
  <testcase classname="ValidationOfProduct" name="validateProductInfo" time="20.991"/>
  <system-out/>
</testsuite> <!-- ValidationOfProduct -->
