<?xml version="1.0" encoding="UTF-8"?>
<!-- Generated by org.testng.reporters.JUnitReportReporter -->
<testsuite hostname="DESKTOP-7STGH0Q" failures="0" tests="1" name="TestCases.ValidationOfProduct" time="87.288" errors="0" timestamp="2022-11-02T14:42:04 IST" skipped="0">
  <testcase classname="TestCases.ValidationOfProduct" name="validateProductInfo" time="87.288"/>
  <system-out/>
</testsuite> <!-- TestCases.ValidationOfProduct -->
